#-----------------------------------------------------------
# Vivado v2020.2.2 (64-bit)
# SW Build 3118627 on Tue Feb  9 05:13:49 MST 2021
# IP Build 3115676 on Tue Feb  9 10:48:11 MST 2021
# Start of session at: Wed Oct  4 20:31:24 2023
# Process ID: 9963
# Current directory: /home/hs/Desktop/git/benes_network_algorithm/rtl_code/16X16_network/network_module/design_sources
# Command line: vivado
# Log file: /home/hs/Desktop/git/benes_network_algorithm/rtl_code/16X16_network/network_module/design_sources/vivado.log
# Journal file: /home/hs/Desktop/git/benes_network_algorithm/rtl_code/16X16_network/network_module/design_sources/vivado.jou
#-----------------------------------------------------------
start_gui
open_project /home/hs/Desktop/git/benes_network_algorithm/rtl_code/16X16_network/16X16_module/16X16_module.xpr
WARNING: [filemgmt 56-3] Default IP Output Path : Could not find the directory '/home/hs/Desktop/git/benes_network_algorithm/rtl_code/16X16_network/16X16_module/16X16_module.gen/sources_1'.
Scanning sources...
Finished scanning sources
INFO: [IP_Flow 19-234] Refreshing IP repositories
INFO: [IP_Flow 19-1704] No user IP repositories specified
INFO: [IP_Flow 19-2313] Loaded Vivado IP repository '/tools/Xilinx/Vivado/2020.2/data/ip'.
INFO: [IP_Flow 19-3899] Cannot get the environment domain name variable for the component vendor name. Setting the vendor name to 'user.org'.
update_compile_order -fileset sources_1
exit
INFO: [Common 17-206] Exiting Vivado at Wed Oct  4 23:20:49 2023...
