#
# An unexpected error has occurred (11)
#
Stack:
/tools/Xilinx/Vivado/2020.2/tps/lnx64/jre11.0.2/lib//server/libjvm.so(+0xc04c3b) [0x7f98a61c9c3b]
/tools/Xilinx/Vivado/2020.2/tps/lnx64/jre11.0.2/lib//server/libjvm.so(JVM_handle_linux_signal+0x14e) [0x7f98a61ce8de]
/tools/Xilinx/Vivado/2020.2/tps/lnx64/jre11.0.2/lib//server/libjvm.so(+0xbfd538) [0x7f98a61c2538]
/lib/x86_64-linux-gnu/libc.so.6(+0x3ef10) [0x7f98fd66ef10]
/tools/Xilinx/Vivado/2020.2/lib/lnx64.o/librdi_simbridge_kernel.so(SimBridge::CArray::empty() const+0) [0x7f98ad145a00]
/tools/Xilinx/Vivado/2020.2/lib/lnx64.o/librdi_simbridge_kernel.so(SimBridge::WdbEventBlock::addBlock(SimBridge::WdbIBlockManager&, unsigned int&) const+0x1c) [0x7f98ad1460dc]
/tools/Xilinx/Vivado/2020.2/lib/lnx64.o/librdi_simbridge_kernel.so(SimBridge::WdbMultipleBucketEventDatabase::getEventBlockDatabaseIterator(std::vector<SimBridge::WdbScalarBTree*, std::allocator<SimBridge::WdbScalarBTree*> > const&, std::vector<boost::shared_ptr<SimBridge::WdbIEventBlockIterator>, std::allocator<boost::shared_ptr<SimBridge::WdbIEventBlockIterator> > >&, std::vector<std::vector<SimBridge::WdbScalarBTree*, std::allocator<SimBridge::WdbScalarBTree*> >, std::allocator<std::vector<SimBridge::WdbScalarBTree*, std::allocator<SimBridge::WdbScalarBTree*> > > >&) const+0x691) [0x7f98ad160071]
/tools/Xilinx/Vivado/2020.2/lib/lnx64.o/librdi_simbridge_kernel.so(SimBridge::WdbAddressBTreeManager::scanWdbDatabaseMultiThread(std::vector<SimBridge::WdbScalarBTree*, std::allocator<SimBridge::WdbScalarBTree*> > const&, ISIM::IGuiStatus*)+0xf0) [0x7f98ad13cee0]
/tools/Xilinx/Vivado/2020.2/lib/lnx64.o/librdi_wavedata.so(SimBridge::DataObjMgr::createDrawingBTree(std::vector<SimBridge::IDataObj const*, std::allocator<SimBridge::IDataObj const*> > const&, ISIM::IGuiStatus*, bool)+0x32a) [0x7f98b86da58a]
/tools/Xilinx/Vivado/2020.2/lib/lnx64.o/librdi_wavedata.so(SimBridge::DataReader::getTransitions(SimBridge::IDataObj const*, long long, long long, long long, SimBridge::ValueFormat const&, std::vector<SimBridge::Transition, std::allocator<SimBridge::Transition> >&) const+0x75) [0x7f98b86e5c25]
/tools/Xilinx/Vivado/2020.2/lib/lnx64.o/librdi_wavedata.so(SG_Model::ModelImp::getTransitions(SimBridge::IDataObj const*, SG_Model::IDatabase*, long long, long long, long long, SimBridge::ValueFormat const&, bool, std::vector<SimBridge::Transition, std::allocator<SimBridge::Transition> >&) const+0xbd) [0x7f98b8790c1d]
/tools/Xilinx/Vivado/2020.2/lib/lnx64.o/librdi_wavedata.so(SG_Model::Model::getTransitions(SG_Model::WVDataObject const*, long long, long long, long long, SimBridge::ValueFormat const&, bool, std::vector<SimBridge::Transition, std::allocator<SimBridge::Transition> >&) const+0x102) [0x7f98b8790fa2]
/tools/Xilinx/Vivado/2020.2/lib/lnx64.o/librdi_wavedata.so(+0x30ac26) [0x7f98b87c4c26]
/tools/Xilinx/Vivado/2020.2/lib/lnx64.o/librdi_wavedata.so(SG_Model::WaveformRender::render(SG_Model::WVDataObject const&)+0x261) [0x7f98b87c0ce1]
/tools/Xilinx/Vivado/2020.2/lib/lnx64.o/librdi_wavedata.so(WaveViewer::WVWaveformPanel::WaveformTraverser::drawWaveform(SG_Model::WVDataObject const*, int, int)+0x2eb) [0x7f98b883d87b]
/tools/Xilinx/Vivado/2020.2/lib/lnx64.o/librdi_wavedata.so(WaveViewer::WVWaveformPanel::WaveformTraverser::handleItemSize(WaveViewer::WVNameValueTreeModel::ITraverseHandler::ItemSize const&)+0x4a) [0x7f98b883db5a]
/tools/Xilinx/Vivado/2020.2/lib/lnx64.o/librdi_wavedata.so(WaveViewer::WVNameValueTreeModel::traverseYRange(SG_Model::WVDataObject const*, WaveViewer::WVNameValueTreeModel::ITraverseHandler&, int, int, int&, int&) const+0x268) [0x7f98b880fd58]
/tools/Xilinx/Vivado/2020.2/lib/lnx64.o/librdi_wavedata.so(WaveViewer::WVNameValueTreeModel::traverseYRange(SG_Model::WVDataObject const*, WaveViewer::WVNameValueTreeModel::ITraverseHandler&, int, int, int&, int&) const+0x336) [0x7f98b880fe26]
/tools/Xilinx/Vivado/2020.2/lib/lnx64.o/librdi_wavedata.so(WaveViewer::WVNameValueTreeModel::traverseYRange(WaveViewer::WVNameValueTreeModel::ITraverseHandler&, int, int) const+0x57) [0x7f98b8810e37]
/tools/Xilinx/Vivado/2020.2/lib/lnx64.o/librdi_wavedata.so(WaveViewer::WVWaveformPanel::getGraphics(HDGDStringStream&, long&)+0x3c5) [0x7f98b883cd75]
/tools/Xilinx/Vivado/2020.2/lib/lnx64.o/librdi_wavedata.so(WVExecutiveImp::getGraphicsDataSize()+0x10a) [0x7f98b880138a]
/tools/Xilinx/Vivado/2020.2/lib/lnx64.o/librdi_wavedata.so(WVExecutive::getGraphicsDataSize()+0xf) [0x7f98b88018af]
/tools/Xilinx/Vivado/2020.2/lib/lnx64.o/librdi_wavedata.so(Java_ui_views_waveform_waveformi_WVExecutive_1getGraphicsDataSize+0x17) [0x7f98b8848037]
[0x7f989613b774]
