Vivado Simulator v2020.2.2
Copyright 1986-1999, 2001-2021 Xilinx, Inc. All Rights Reserved.
Running: /tools/Xilinx/Vivado/2020.2/bin/unwrapped/lnx64.o/xelab -wto 1dfd9959769b4bb2bbefc5aedeb61369 --incr --debug typical --relax --mt 8 -L xil_defaultlib -L uvm -L unisims_ver -L unimacro_ver -L secureip --snapshot tb_network_behav xil_defaultlib.tb_network xil_defaultlib.glbl -log elaborate.log 
Using 8 slave threads.
Starting static elaboration
Pass Through NonSizing Optimizer
WARNING: [VRFC 10-3823] variable 'o_port' might have multiple concurrent drivers [/home/hs/Desktop/git/benes_network_algorithm/rtl_code/8X8_network/network_module/network_8/network_8.srcs/sim_1/imports/network_module/tb_network.sv:22]
Completed static elaboration
Starting simulation data flow analysis
WARNING: [XSIM 43-4099] "/home/hs/Desktop/git/benes_network_algorithm/rtl_code/8X8_network/network_module/network_8/network_8.srcs/sources_1/imports/network_module/network_module.sv" Line 1. Module network_module doesn't have a timescale but at least one module in design has a timescale.
WARNING: [XSIM 43-4099] "/home/hs/Desktop/git/benes_network_algorithm/rtl_code/8X8_network/network_module/network_8/network_8.srcs/sources_1/imports/network_module/stage_module.sv" Line 1. Module stage_module_default doesn't have a timescale but at least one module in design has a timescale.
WARNING: [XSIM 43-4099] "/home/hs/Desktop/git/benes_network_algorithm/rtl_code/8X8_network/network_module/network_8/network_8.srcs/sources_1/imports/network_module/switch_module.sv" Line 1. Module switch_module doesn't have a timescale but at least one module in design has a timescale.
WARNING: [XSIM 43-4099] "/home/hs/Desktop/git/benes_network_algorithm/rtl_code/8X8_network/network_module/network_8/network_8.srcs/sources_1/imports/network_module/switch_module.sv" Line 1. Module switch_module doesn't have a timescale but at least one module in design has a timescale.
WARNING: [XSIM 43-4099] "/home/hs/Desktop/git/benes_network_algorithm/rtl_code/8X8_network/network_module/network_8/network_8.srcs/sources_1/imports/network_module/switch_module.sv" Line 1. Module switch_module doesn't have a timescale but at least one module in design has a timescale.
WARNING: [XSIM 43-4099] "/home/hs/Desktop/git/benes_network_algorithm/rtl_code/8X8_network/network_module/network_8/network_8.srcs/sources_1/imports/network_module/switch_module.sv" Line 1. Module switch_module doesn't have a timescale but at least one module in design has a timescale.
WARNING: [XSIM 43-4099] "/home/hs/Desktop/git/benes_network_algorithm/rtl_code/8X8_network/network_module/network_8/network_8.srcs/sources_1/imports/network_module/stage_module.sv" Line 1. Module stage_module_default doesn't have a timescale but at least one module in design has a timescale.
WARNING: [XSIM 43-4099] "/home/hs/Desktop/git/benes_network_algorithm/rtl_code/8X8_network/network_module/network_8/network_8.srcs/sources_1/imports/network_module/switch_module.sv" Line 1. Module switch_module doesn't have a timescale but at least one module in design has a timescale.
WARNING: [XSIM 43-4099] "/home/hs/Desktop/git/benes_network_algorithm/rtl_code/8X8_network/network_module/network_8/network_8.srcs/sources_1/imports/network_module/switch_module.sv" Line 1. Module switch_module doesn't have a timescale but at least one module in design has a timescale.
WARNING: [XSIM 43-4099] "/home/hs/Desktop/git/benes_network_algorithm/rtl_code/8X8_network/network_module/network_8/network_8.srcs/sources_1/imports/network_module/switch_module.sv" Line 1. Module switch_module doesn't have a timescale but at least one module in design has a timescale.
WARNING: [XSIM 43-4099] "/home/hs/Desktop/git/benes_network_algorithm/rtl_code/8X8_network/network_module/network_8/network_8.srcs/sources_1/imports/network_module/switch_module.sv" Line 1. Module switch_module doesn't have a timescale but at least one module in design has a timescale.
WARNING: [XSIM 43-4099] "/home/hs/Desktop/git/benes_network_algorithm/rtl_code/8X8_network/network_module/network_8/network_8.srcs/sources_1/imports/network_module/stage_module.sv" Line 1. Module stage_module_default doesn't have a timescale but at least one module in design has a timescale.
WARNING: [XSIM 43-4099] "/home/hs/Desktop/git/benes_network_algorithm/rtl_code/8X8_network/network_module/network_8/network_8.srcs/sources_1/imports/network_module/switch_module.sv" Line 1. Module switch_module doesn't have a timescale but at least one module in design has a timescale.
WARNING: [XSIM 43-4099] "/home/hs/Desktop/git/benes_network_algorithm/rtl_code/8X8_network/network_module/network_8/network_8.srcs/sources_1/imports/network_module/switch_module.sv" Line 1. Module switch_module doesn't have a timescale but at least one module in design has a timescale.
WARNING: [XSIM 43-4099] "/home/hs/Desktop/git/benes_network_algorithm/rtl_code/8X8_network/network_module/network_8/network_8.srcs/sources_1/imports/network_module/switch_module.sv" Line 1. Module switch_module doesn't have a timescale but at least one module in design has a timescale.
WARNING: [XSIM 43-4099] "/home/hs/Desktop/git/benes_network_algorithm/rtl_code/8X8_network/network_module/network_8/network_8.srcs/sources_1/imports/network_module/switch_module.sv" Line 1. Module switch_module doesn't have a timescale but at least one module in design has a timescale.
WARNING: [XSIM 43-4099] "/home/hs/Desktop/git/benes_network_algorithm/rtl_code/8X8_network/network_module/network_8/network_8.srcs/sources_1/imports/network_module/stage_module.sv" Line 1. Module stage_module_default doesn't have a timescale but at least one module in design has a timescale.
WARNING: [XSIM 43-4099] "/home/hs/Desktop/git/benes_network_algorithm/rtl_code/8X8_network/network_module/network_8/network_8.srcs/sources_1/imports/network_module/switch_module.sv" Line 1. Module switch_module doesn't have a timescale but at least one module in design has a timescale.
WARNING: [XSIM 43-4099] "/home/hs/Desktop/git/benes_network_algorithm/rtl_code/8X8_network/network_module/network_8/network_8.srcs/sources_1/imports/network_module/switch_module.sv" Line 1. Module switch_module doesn't have a timescale but at least one module in design has a timescale.
WARNING: [XSIM 43-4099] "/home/hs/Desktop/git/benes_network_algorithm/rtl_code/8X8_network/network_module/network_8/network_8.srcs/sources_1/imports/network_module/switch_module.sv" Line 1. Module switch_module doesn't have a timescale but at least one module in design has a timescale.
WARNING: [XSIM 43-4099] "/home/hs/Desktop/git/benes_network_algorithm/rtl_code/8X8_network/network_module/network_8/network_8.srcs/sources_1/imports/network_module/switch_module.sv" Line 1. Module switch_module doesn't have a timescale but at least one module in design has a timescale.
WARNING: [XSIM 43-4099] "/home/hs/Desktop/git/benes_network_algorithm/rtl_code/8X8_network/network_module/network_8/network_8.srcs/sources_1/imports/network_module/stage_module.sv" Line 1. Module stage_module_default doesn't have a timescale but at least one module in design has a timescale.
WARNING: [XSIM 43-4099] "/home/hs/Desktop/git/benes_network_algorithm/rtl_code/8X8_network/network_module/network_8/network_8.srcs/sources_1/imports/network_module/switch_module.sv" Line 1. Module switch_module doesn't have a timescale but at least one module in design has a timescale.
WARNING: [XSIM 43-4099] "/home/hs/Desktop/git/benes_network_algorithm/rtl_code/8X8_network/network_module/network_8/network_8.srcs/sources_1/imports/network_module/switch_module.sv" Line 1. Module switch_module doesn't have a timescale but at least one module in design has a timescale.
WARNING: [XSIM 43-4099] "/home/hs/Desktop/git/benes_network_algorithm/rtl_code/8X8_network/network_module/network_8/network_8.srcs/sources_1/imports/network_module/switch_module.sv" Line 1. Module switch_module doesn't have a timescale but at least one module in design has a timescale.
WARNING: [XSIM 43-4099] "/home/hs/Desktop/git/benes_network_algorithm/rtl_code/8X8_network/network_module/network_8/network_8.srcs/sources_1/imports/network_module/switch_module.sv" Line 1. Module switch_module doesn't have a timescale but at least one module in design has a timescale.
WARNING: [XSIM 43-4099] "/home/hs/Desktop/git/benes_network_algorithm/rtl_code/8X8_network/network_module/network_8/network_8.srcs/sources_1/imports/network_module/network_module.sv" Line 1. Module network_module doesn't have a timescale but at least one module in design has a timescale.
WARNING: [XSIM 43-4099] "/home/hs/Desktop/git/benes_network_algorithm/rtl_code/8X8_network/network_module/network_8/network_8.srcs/sources_1/imports/network_module/stage_module.sv" Line 1. Module stage_module_default doesn't have a timescale but at least one module in design has a timescale.
WARNING: [XSIM 43-4099] "/home/hs/Desktop/git/benes_network_algorithm/rtl_code/8X8_network/network_module/network_8/network_8.srcs/sources_1/imports/network_module/switch_module.sv" Line 1. Module switch_module doesn't have a timescale but at least one module in design has a timescale.
WARNING: [XSIM 43-4099] "/home/hs/Desktop/git/benes_network_algorithm/rtl_code/8X8_network/network_module/network_8/network_8.srcs/sources_1/imports/network_module/switch_module.sv" Line 1. Module switch_module doesn't have a timescale but at least one module in design has a timescale.
WARNING: [XSIM 43-4099] "/home/hs/Desktop/git/benes_network_algorithm/rtl_code/8X8_network/network_module/network_8/network_8.srcs/sources_1/imports/network_module/switch_module.sv" Line 1. Module switch_module doesn't have a timescale but at least one module in design has a timescale.
WARNING: [XSIM 43-4099] "/home/hs/Desktop/git/benes_network_algorithm/rtl_code/8X8_network/network_module/network_8/network_8.srcs/sources_1/imports/network_module/switch_module.sv" Line 1. Module switch_module doesn't have a timescale but at least one module in design has a timescale.
WARNING: [XSIM 43-4099] "/home/hs/Desktop/git/benes_network_algorithm/rtl_code/8X8_network/network_module/network_8/network_8.srcs/sources_1/imports/network_module/stage_module.sv" Line 1. Module stage_module_default doesn't have a timescale but at least one module in design has a timescale.
WARNING: [XSIM 43-4099] "/home/hs/Desktop/git/benes_network_algorithm/rtl_code/8X8_network/network_module/network_8/network_8.srcs/sources_1/imports/network_module/switch_module.sv" Line 1. Module switch_module doesn't have a timescale but at least one module in design has a timescale.
WARNING: [XSIM 43-4099] "/home/hs/Desktop/git/benes_network_algorithm/rtl_code/8X8_network/network_module/network_8/network_8.srcs/sources_1/imports/network_module/switch_module.sv" Line 1. Module switch_module doesn't have a timescale but at least one module in design has a timescale.
WARNING: [XSIM 43-4099] "/home/hs/Desktop/git/benes_network_algorithm/rtl_code/8X8_network/network_module/network_8/network_8.srcs/sources_1/imports/network_module/switch_module.sv" Line 1. Module switch_module doesn't have a timescale but at least one module in design has a timescale.
WARNING: [XSIM 43-4099] "/home/hs/Desktop/git/benes_network_algorithm/rtl_code/8X8_network/network_module/network_8/network_8.srcs/sources_1/imports/network_module/switch_module.sv" Line 1. Module switch_module doesn't have a timescale but at least one module in design has a timescale.
WARNING: [XSIM 43-4099] "/home/hs/Desktop/git/benes_network_algorithm/rtl_code/8X8_network/network_module/network_8/network_8.srcs/sources_1/imports/network_module/stage_module.sv" Line 1. Module stage_module_default doesn't have a timescale but at least one module in design has a timescale.
WARNING: [XSIM 43-4099] "/home/hs/Desktop/git/benes_network_algorithm/rtl_code/8X8_network/network_module/network_8/network_8.srcs/sources_1/imports/network_module/switch_module.sv" Line 1. Module switch_module doesn't have a timescale but at least one module in design has a timescale.
WARNING: [XSIM 43-4099] "/home/hs/Desktop/git/benes_network_algorithm/rtl_code/8X8_network/network_module/network_8/network_8.srcs/sources_1/imports/network_module/switch_module.sv" Line 1. Module switch_module doesn't have a timescale but at least one module in design has a timescale.
WARNING: [XSIM 43-4099] "/home/hs/Desktop/git/benes_network_algorithm/rtl_code/8X8_network/network_module/network_8/network_8.srcs/sources_1/imports/network_module/switch_module.sv" Line 1. Module switch_module doesn't have a timescale but at least one module in design has a timescale.
WARNING: [XSIM 43-4099] "/home/hs/Desktop/git/benes_network_algorithm/rtl_code/8X8_network/network_module/network_8/network_8.srcs/sources_1/imports/network_module/switch_module.sv" Line 1. Module switch_module doesn't have a timescale but at least one module in design has a timescale.
WARNING: [XSIM 43-4099] "/home/hs/Desktop/git/benes_network_algorithm/rtl_code/8X8_network/network_module/network_8/network_8.srcs/sources_1/imports/network_module/stage_module.sv" Line 1. Module stage_module_default doesn't have a timescale but at least one module in design has a timescale.
WARNING: [XSIM 43-4099] "/home/hs/Desktop/git/benes_network_algorithm/rtl_code/8X8_network/network_module/network_8/network_8.srcs/sources_1/imports/network_module/switch_module.sv" Line 1. Module switch_module doesn't have a timescale but at least one module in design has a timescale.
WARNING: [XSIM 43-4099] "/home/hs/Desktop/git/benes_network_algorithm/rtl_code/8X8_network/network_module/network_8/network_8.srcs/sources_1/imports/network_module/switch_module.sv" Line 1. Module switch_module doesn't have a timescale but at least one module in design has a timescale.
WARNING: [XSIM 43-4099] "/home/hs/Desktop/git/benes_network_algorithm/rtl_code/8X8_network/network_module/network_8/network_8.srcs/sources_1/imports/network_module/switch_module.sv" Line 1. Module switch_module doesn't have a timescale but at least one module in design has a timescale.
WARNING: [XSIM 43-4099] "/home/hs/Desktop/git/benes_network_algorithm/rtl_code/8X8_network/network_module/network_8/network_8.srcs/sources_1/imports/network_module/switch_module.sv" Line 1. Module switch_module doesn't have a timescale but at least one module in design has a timescale.
WARNING: [XSIM 43-4099] "/home/hs/Desktop/git/benes_network_algorithm/rtl_code/8X8_network/network_module/network_8/network_8.srcs/sources_1/imports/network_module/stage_module.sv" Line 1. Module stage_module_default doesn't have a timescale but at least one module in design has a timescale.
WARNING: [XSIM 43-4099] "/home/hs/Desktop/git/benes_network_algorithm/rtl_code/8X8_network/network_module/network_8/network_8.srcs/sources_1/imports/network_module/switch_module.sv" Line 1. Module switch_module doesn't have a timescale but at least one module in design has a timescale.
WARNING: [XSIM 43-4099] "/home/hs/Desktop/git/benes_network_algorithm/rtl_code/8X8_network/network_module/network_8/network_8.srcs/sources_1/imports/network_module/switch_module.sv" Line 1. Module switch_module doesn't have a timescale but at least one module in design has a timescale.
WARNING: [XSIM 43-4099] "/home/hs/Desktop/git/benes_network_algorithm/rtl_code/8X8_network/network_module/network_8/network_8.srcs/sources_1/imports/network_module/switch_module.sv" Line 1. Module switch_module doesn't have a timescale but at least one module in design has a timescale.
WARNING: [XSIM 43-4099] "/home/hs/Desktop/git/benes_network_algorithm/rtl_code/8X8_network/network_module/network_8/network_8.srcs/sources_1/imports/network_module/switch_module.sv" Line 1. Module switch_module doesn't have a timescale but at least one module in design has a timescale.
Completed simulation data flow analysis
Time Resolution for simulation is 1ps
Compiling module xil_defaultlib.switch_module
Compiling module xil_defaultlib.stage_module_default
Compiling module xil_defaultlib.network_module
Compiling module xil_defaultlib.tb_network
Compiling module xil_defaultlib.glbl
Built simulation snapshot tb_network_behav
